#
# There is insufficient memory for the Java Runtime Environment to continue.
# Native memory allocation (malloc) failed to allocate 48400 bytes for Chunk::new
# Possible reasons:
#   The system is out of physical RAM or swap space
#   The process is running with CompressedOops enabled, and the Java Heap may be blocking the growth of the native heap
# Possible solutions:
#   Reduce memory load on the system
#   Increase physical memory or swap space
#   Check if swap backing store is full
#   Decrease Java heap size (-Xmx/-Xms)
#   Decrease number of Java threads
#   Decrease Java thread stack sizes (-Xss)
#   Set larger code cache with -XX:ReservedCodeCacheSize=
#   JVM is running with Unscaled Compressed Oops mode in which the Java heap is
#     placed in the first 4GB address space. The Java Heap base address is the
#     maximum limit for the native heap growth. Please use -XX:HeapBaseMinAddress
#     to set the Java Heap base and to place the Java Heap above 4GB virtual address.
# This output file may be truncated or incomplete.
#
#  Out of Memory Error (./src/hotspot/share/memory/arena.cpp:197), pid=10700, tid=5916
#
# JRE version: OpenJDK Runtime Environment Microsoft-7208460 (11.0.18+10) (build 11.0.18+10-LTS)
# Java VM: OpenJDK 64-Bit Server VM Microsoft-7208460 (11.0.18+10-LTS, mixed mode, tiered, compressed oops, g1 gc, windows-amd64)
# No core dump will be written. Minidumps are not enabled by default on client versions of Windows
#

---------------  S U M M A R Y ------------

Command Line: -XX:MaxMetaspaceSize=512m --add-opens=java.base/java.util=ALL-UNNAMED --add-opens=java.base/java.lang=ALL-UNNAMED --add-opens=java.base/java.lang.invoke=ALL-UNNAMED --add-opens=java.base/java.util=ALL-UNNAMED --add-opens=java.prefs/java.util.prefs=ALL-UNNAMED --add-opens=java.prefs/java.util.prefs=ALL-UNNAMED --add-opens=java.base/java.nio.charset=ALL-UNNAMED --add-opens=java.base/java.net=ALL-UNNAMED --add-opens=java.base/java.util.concurrent.atomic=ALL-UNNAMED -Xmx2048m -Dfile.encoding=windows-1252 -Duser.country=ID -Duser.language=en -Duser.variant org.gradle.launcher.daemon.bootstrap.GradleDaemon 7.5.1

Host: Intel(R) Core(TM) i3-5005U CPU @ 2.00GHz, 4 cores, 3G,  Windows 10 , 64 bit Build 19041 (10.0.19041.3031)
Time: Thu Jun 22 23:01:04 2023 Malay Peninsula Standard Time elapsed time: 61.729414 seconds (0d 0h 1m 1s)

---------------  T H R E A D  ---------------

Current thread (0x000001f2ca8bb800):  JavaThread "C2 CompilerThread0" daemon [_thread_in_native, id=5916, stack(0x000000e921500000,0x000000e921600000)]


Current CompileTask:
C2:  61729 9046       4       java.util.concurrent.locks.AbstractQueuedSynchronizer$ConditionObject::addConditionWaiter (79 bytes)

Stack: [0x000000e921500000,0x000000e921600000]
Native frames: (J=compiled Java code, j=interpreted, Vv=VM code, C=native code)
V  [jvm.dll+0x62bf8a]
V  [jvm.dll+0x7b8fb9]
V  [jvm.dll+0x7ba6a8]
V  [jvm.dll+0x7bad83]
V  [jvm.dll+0x250248]
V  [jvm.dll+0xc260c]
V  [jvm.dll+0xc2bcc]
V  [jvm.dll+0x208b47]
V  [jvm.dll+0x5bef85]
V  [jvm.dll+0x5bde1e]
V  [jvm.dll+0x20923d]
V  [jvm.dll+0x20850d]
V  [jvm.dll+0x18a4b1]
V  [jvm.dll+0x217eec]
V  [jvm.dll+0x21612b]
V  [jvm.dll+0x77bac0]
V  [jvm.dll+0x7749f4]
V  [jvm.dll+0x62adf5]
C  [ucrtbase.dll+0x21bb2]
C  [KERNEL32.DLL+0x17614]
C  [ntdll.dll+0x526f1]


---------------  P R O C E S S  ---------------

Threads class SMR info:
_java_thread_list=0x000001f2cf18f240, length=87, elements={
0x000001f2ab835000, 0x000001f2ca864000, 0x000001f2ca86d000, 0x000001f2ca861000,
0x000001f2ca8b4000, 0x000001f2ca8b5000, 0x000001f2ca8bb800, 0x000001f2ca8bc800,
0x000001f2ca8be000, 0x000001f2cab31000, 0x000001f2cc447000, 0x000001f2ccbaf800,
0x000001f2cc534000, 0x000001f2cbd22800, 0x000001f2cbfd4000, 0x000001f2cc5be000,
0x000001f2cc596000, 0x000001f2cc596800, 0x000001f2cccfb000, 0x000001f2cccfb800,
0x000001f2ccd3a000, 0x000001f2ccd3b800, 0x000001f2ccd3e000, 0x000001f2ccd3c800,
0x000001f2ccd3d800, 0x000001f2ccd3f000, 0x000001f2ccd39800, 0x000001f2ccd40000,
0x000001f2ccd3b000, 0x000001f2cf35f000, 0x000001f2cf361800, 0x000001f2cf362000,
0x000001f2cf35e000, 0x000001f2cf364000, 0x000001f2cf366000, 0x000001f2cf364800,
0x000001f2cf365800, 0x000001f2cf360800, 0x000001f2cf368000, 0x000001f2cf36d000,
0x000001f2cf36c000, 0x000001f2cf367000, 0x000001f2cf368800, 0x000001f2cf369800,
0x000001f2cf36a800, 0x000001f2cf36b000, 0x000001f2d14e7800, 0x000001f2d14ea000,
0x000001f2d14e8800, 0x000001f2d14eb000, 0x000001f2d14e6000, 0x000001f2d14e5800,
0x000001f2d14ec000, 0x000001f2d14ec800, 0x000001f2d14e7000, 0x000001f2d14ed800,
0x000001f2d14ee800, 0x000001f2d14ef000, 0x000001f2d14e9800, 0x000001f2d14f0000,
0x000001f2d14f4000, 0x000001f2d14f0800, 0x000001f2d14f1800, 0x000001f2d14f2800,
0x000001f2d14f3000, 0x000001f2d159a800, 0x000001f2d159e800, 0x000001f2d159d000,
0x000001f2d159f800, 0x000001f2d159b000, 0x000001f2d159c000, 0x000001f2d159d800,
0x000001f2d1599800, 0x000001f2d15a2000, 0x000001f2d15a2800, 0x000001f2d15a1000,
0x000001f2d15a6000, 0x000001f2d15a3800, 0x000001f2d15a4000, 0x000001f2d15a0000,
0x000001f2d15a6800, 0x000001f2d15a7800, 0x000001f2d15a8800, 0x000001f2d15a5000,
0x000001f2d1a05000, 0x000001f2d1a06800, 0x000001f2d1a04000
}

Java Threads: ( => current thread )
  0x000001f2ab835000 JavaThread "main" [_thread_blocked, id=13460, stack(0x000000e920900000,0x000000e920a00000)]
  0x000001f2ca864000 JavaThread "Reference Handler" daemon [_thread_blocked, id=11436, stack(0x000000e921000000,0x000000e921100000)]
  0x000001f2ca86d000 JavaThread "Finalizer" daemon [_thread_blocked, id=4396, stack(0x000000e921100000,0x000000e921200000)]
  0x000001f2ca861000 JavaThread "Signal Dispatcher" daemon [_thread_blocked, id=9512, stack(0x000000e921200000,0x000000e921300000)]
  0x000001f2ca8b4000 JavaThread "Attach Listener" daemon [_thread_blocked, id=11472, stack(0x000000e921300000,0x000000e921400000)]
  0x000001f2ca8b5000 JavaThread "Service Thread" daemon [_thread_blocked, id=10504, stack(0x000000e921400000,0x000000e921500000)]
=>0x000001f2ca8bb800 JavaThread "C2 CompilerThread0" daemon [_thread_in_native, id=5916, stack(0x000000e921500000,0x000000e921600000)]
  0x000001f2ca8bc800 JavaThread "C1 CompilerThread0" daemon [_thread_blocked, id=3196, stack(0x000000e921600000,0x000000e921700000)]
  0x000001f2ca8be000 JavaThread "Sweeper thread" daemon [_thread_blocked, id=8268, stack(0x000000e921700000,0x000000e921800000)]
  0x000001f2cab31000 JavaThread "Common-Cleaner" daemon [_thread_blocked, id=14720, stack(0x000000e921800000,0x000000e921900000)]
  0x000001f2cc447000 JavaThread "Daemon health stats" [_thread_blocked, id=14428, stack(0x000000e921b00000,0x000000e921c00000)]
  0x000001f2ccbaf800 JavaThread "Incoming local TCP Connector on port 58319" [_thread_in_native, id=12712, stack(0x000000e921e00000,0x000000e921f00000)]
  0x000001f2cc534000 JavaThread "Daemon periodic checks" [_thread_blocked, id=9716, stack(0x000000e921f00000,0x000000e922000000)]
  0x000001f2cbd22800 JavaThread "Daemon" [_thread_blocked, id=10028, stack(0x000000e922000000,0x000000e922100000)]
  0x000001f2cbfd4000 JavaThread "Handler for socket connection from /127.0.0.1:58319 to /127.0.0.1:58320" [_thread_in_native, id=8060, stack(0x000000e922100000,0x000000e922200000)]
  0x000001f2cc5be000 JavaThread "Cancel handler" [_thread_blocked, id=15348, stack(0x000000e922200000,0x000000e922300000)]
  0x000001f2cc596000 JavaThread "Daemon worker" [_thread_in_Java, id=14224, stack(0x000000e922300000,0x000000e922400000)]
  0x000001f2cc596800 JavaThread "Asynchronous log dispatcher for DefaultDaemonConnection: socket connection from /127.0.0.1:58319 to /127.0.0.1:58320" [_thread_blocked, id=5124, stack(0x000000e922400000,0x000000e922500000)]
  0x000001f2cccfb000 JavaThread "Stdin handler" [_thread_blocked, id=364, stack(0x000000e922500000,0x000000e922600000)]
  0x000001f2cccfb800 JavaThread "Daemon client event forwarder" [_thread_blocked, id=6108, stack(0x000000e922600000,0x000000e922700000)]
  0x000001f2ccd3a000 JavaThread "Cache worker for journal cache (C:\Users\Anggi Widiantara\.gradle\caches\journal-1)" [_thread_blocked, id=11500, stack(0x000000e922700000,0x000000e922800000)]
  0x000001f2ccd3b800 JavaThread "File lock request listener" [_thread_in_native, id=11052, stack(0x000000e922800000,0x000000e922900000)]
  0x000001f2ccd3e000 JavaThread "Cache worker for file hash cache (C:\Users\Anggi Widiantara\.gradle\caches\7.5.1\fileHashes)" [_thread_blocked, id=2516, stack(0x000000e922900000,0x000000e922a00000)]
  0x000001f2ccd3c800 JavaThread "File watcher server" daemon [_thread_in_native, id=14756, stack(0x000000e922a00000,0x000000e922b00000)]
  0x000001f2ccd3d800 JavaThread "File watcher consumer" daemon [_thread_blocked, id=7996, stack(0x000000e922b00000,0x000000e922c00000)]
  0x000001f2ccd3f000 JavaThread "Cache worker for checksums cache (D:\Belajar\New folder\KodingAkademi\android\.gradle\7.5.1\checksums)" [_thread_blocked, id=8996, stack(0x000000e922c00000,0x000000e922d00000)]
  0x000001f2ccd39800 JavaThread "Cache worker for cache directory md-rule (C:\Users\Anggi Widiantara\.gradle\caches\7.5.1\md-rule)" [_thread_blocked, id=3824, stack(0x000000e922d00000,0x000000e922e00000)]
  0x000001f2ccd40000 JavaThread "Cache worker for file content cache (C:\Users\Anggi Widiantara\.gradle\caches\7.5.1\fileContent)" [_thread_blocked, id=13044, stack(0x000000e922e00000,0x000000e922f00000)]
  0x000001f2ccd3b000 JavaThread "Cache worker for file hash cache (D:\Belajar\New folder\KodingAkademi\android\.gradle\7.5.1\fileHashes)" [_thread_blocked, id=8500, stack(0x000000e922f00000,0x000000e923000000)]
  0x000001f2cf35f000 JavaThread "Cache worker for cache directory md-supplier (C:\Users\Anggi Widiantara\.gradle\caches\7.5.1\md-supplier)" [_thread_blocked, id=12272, stack(0x000000e923000000,0x000000e923100000)]
  0x000001f2cf361800 JavaThread "Cache worker for execution history cache (C:\Users\Anggi Widiantara\.gradle\caches\7.5.1\executionHistory)" [_thread_blocked, id=13216, stack(0x000000e923100000,0x000000e923200000)]
  0x000001f2cf362000 JavaThread "jar transforms" [_thread_blocked, id=13948, stack(0x000000e923200000,0x000000e923300000)]
  0x000001f2cf35e000 JavaThread "jar transforms Thread 2" [_thread_blocked, id=11228, stack(0x000000e923300000,0x000000e923400000)]
  0x000001f2cf364000 JavaThread "jar transforms Thread 3" [_thread_blocked, id=9648, stack(0x000000e923400000,0x000000e923500000)]
  0x000001f2cf366000 JavaThread "jar transforms Thread 4" [_thread_blocked, id=10900, stack(0x000000e923500000,0x000000e923600000)]
  0x000001f2cf364800 JavaThread "Cache worker for kotlin-dsl (C:\Users\Anggi Widiantara\.gradle\caches\7.5.1\kotlin-dsl)" [_thread_blocked, id=4640, stack(0x000000e923900000,0x000000e923a00000)]
  0x000001f2cf365800 JavaThread "Cache worker for dependencies-accessors (D:\Belajar\New folder\KodingAkademi\android\.gradle\7.5.1\dependencies-accessors)" [_thread_blocked, id=10456, stack(0x000000e923a00000,0x000000e923b00000)]
  0x000001f2cf360800 JavaThread "File lock release action executor" [_thread_blocked, id=4076, stack(0x000000e923b00000,0x000000e923c00000)]
  0x000001f2cf368000 JavaThread "Cache worker for Build Output Cleanup Cache (D:\Belajar\New folder\KodingAkademi\node_modules\react-native-gradle-plugin\.gradle\buildOutputCleanup)" [_thread_blocked, id=11220, stack(0x000000e923c00000,0x000000e923d00000)]
  0x000001f2cf36d000 JavaThread "Unconstrained build operations" [_thread_blocked, id=5976, stack(0x000000e923d00000,0x000000e923e00000)]
  0x000001f2cf36c000 JavaThread "Unconstrained build operations Thread 2" [_thread_blocked, id=3008, stack(0x000000e923e00000,0x000000e923f00000)]
  0x000001f2cf367000 JavaThread "Unconstrained build operations Thread 3" [_thread_blocked, id=5560, stack(0x000000e923f00000,0x000000e924000000)]
  0x000001f2cf368800 JavaThread "Unconstrained build operations Thread 4" [_thread_blocked, id=12880, stack(0x000000e924000000,0x000000e924100000)]
  0x000001f2cf369800 JavaThread "Unconstrained build operations Thread 5" [_thread_blocked, id=9484, stack(0x000000e924100000,0x000000e924200000)]
  0x000001f2cf36a800 JavaThread "Unconstrained build operations Thread 6" [_thread_blocked, id=12576, stack(0x000000e924200000,0x000000e924300000)]
  0x000001f2cf36b000 JavaThread "Unconstrained build operations Thread 7" [_thread_blocked, id=10296, stack(0x000000e924300000,0x000000e924400000)]
  0x000001f2d14e7800 JavaThread "Unconstrained build operations Thread 8" [_thread_blocked, id=12224, stack(0x000000e924400000,0x000000e924500000)]
  0x000001f2d14ea000 JavaThread "Unconstrained build operations Thread 9" [_thread_blocked, id=15292, stack(0x000000e924500000,0x000000e924600000)]
  0x000001f2d14e8800 JavaThread "Unconstrained build operations Thread 10" [_thread_blocked, id=8036, stack(0x000000e924600000,0x000000e924700000)]
  0x000001f2d14eb000 JavaThread "Unconstrained build operations Thread 11" [_thread_blocked, id=5420, stack(0x000000e924700000,0x000000e924800000)]
  0x000001f2d14e6000 JavaThread "Unconstrained build operations Thread 12" [_thread_blocked, id=2268, stack(0x000000e924800000,0x000000e924900000)]
  0x000001f2d14e5800 JavaThread "Unconstrained build operations Thread 13" [_thread_blocked, id=10068, stack(0x000000e924900000,0x000000e924a00000)]
  0x000001f2d14ec000 JavaThread "Unconstrained build operations Thread 14" [_thread_blocked, id=13380, stack(0x000000e924a00000,0x000000e924b00000)]
  0x000001f2d14ec800 JavaThread "Unconstrained build operations Thread 15" [_thread_blocked, id=9456, stack(0x000000e924b00000,0x000000e924c00000)]
  0x000001f2d14e7000 JavaThread "Unconstrained build operations Thread 16" [_thread_blocked, id=6532, stack(0x000000e924c00000,0x000000e924d00000)]
  0x000001f2d14ed800 JavaThread "Unconstrained build operations Thread 17" [_thread_blocked, id=8412, stack(0x000000e924d00000,0x000000e924e00000)]
  0x000001f2d14ee800 JavaThread "Unconstrained build operations Thread 18" [_thread_blocked, id=11104, stack(0x000000e924e00000,0x000000e924f00000)]
  0x000001f2d14ef000 JavaThread "Unconstrained build operations Thread 19" [_thread_blocked, id=11276, stack(0x000000e924f00000,0x000000e925000000)]
  0x000001f2d14e9800 JavaThread "Unconstrained build operations Thread 20" [_thread_blocked, id=8636, stack(0x000000e925000000,0x000000e925100000)]
  0x000001f2d14f0000 JavaThread "Unconstrained build operations Thread 21" [_thread_blocked, id=11652, stack(0x000000e925100000,0x000000e925200000)]
  0x000001f2d14f4000 JavaThread "Unconstrained build operations Thread 22" [_thread_blocked, id=9416, stack(0x000000e925200000,0x000000e925300000)]
  0x000001f2d14f0800 JavaThread "Unconstrained build operations Thread 23" [_thread_blocked, id=12612, stack(0x000000e925300000,0x000000e925400000)]
  0x000001f2d14f1800 JavaThread "Unconstrained build operations Thread 24" [_thread_blocked, id=5348, stack(0x000000e925400000,0x000000e925500000)]
  0x000001f2d14f2800 JavaThread "Unconstrained build operations Thread 25" [_thread_blocked, id=8340, stack(0x000000e925500000,0x000000e925600000)]
  0x000001f2d14f3000 JavaThread "Unconstrained build operations Thread 26" [_thread_blocked, id=11120, stack(0x000000e925600000,0x000000e925700000)]
  0x000001f2d159a800 JavaThread "Unconstrained build operations Thread 27" [_thread_blocked, id=5684, stack(0x000000e925700000,0x000000e925800000)]
  0x000001f2d159e800 JavaThread "Unconstrained build operations Thread 28" [_thread_blocked, id=14804, stack(0x000000e925800000,0x000000e925900000)]
  0x000001f2d159d000 JavaThread "Unconstrained build operations Thread 29" [_thread_blocked, id=1388, stack(0x000000e925900000,0x000000e925a00000)]
  0x000001f2d159f800 JavaThread "Unconstrained build operations Thread 30" [_thread_blocked, id=1196, stack(0x000000e925a00000,0x000000e925b00000)]
  0x000001f2d159b000 JavaThread "Unconstrained build operations Thread 31" [_thread_blocked, id=868, stack(0x000000e925b00000,0x000000e925c00000)]
  0x000001f2d159c000 JavaThread "Unconstrained build operations Thread 32" [_thread_blocked, id=660, stack(0x000000e925c00000,0x000000e925d00000)]
  0x000001f2d159d800 JavaThread "Unconstrained build operations Thread 33" [_thread_blocked, id=1348, stack(0x000000e925d00000,0x000000e925e00000)]
  0x000001f2d1599800 JavaThread "build event listener" [_thread_blocked, id=860, stack(0x000000e925e00000,0x000000e925f00000)]
  0x000001f2d15a2000 JavaThread "Memory manager" [_thread_blocked, id=14092, stack(0x000000e925f00000,0x000000e926000000)]
  0x000001f2d15a2800 JavaThread "Cache worker for Build Output Cleanup Cache (D:\Belajar\New folder\KodingAkademi\android\.gradle\buildOutputCleanup)" [_thread_blocked, id=9468, stack(0x000000e923800000,0x000000e923900000)]
  0x000001f2d15a1000 JavaThread "included builds" [_thread_blocked, id=2824, stack(0x000000e926000000,0x000000e926100000)]
  0x000001f2d15a6000 JavaThread "Execution worker" [_thread_blocked, id=6744, stack(0x000000e926100000,0x000000e926200000)]
  0x000001f2d15a3800 JavaThread "Execution worker Thread 2" [_thread_blocked, id=1768, stack(0x000000e926200000,0x000000e926300000)]
  0x000001f2d15a4000 JavaThread "Execution worker Thread 3" [_thread_blocked, id=9864, stack(0x000000e926300000,0x000000e926400000)]
  0x000001f2d15a0000 JavaThread "Cache worker for execution history cache (D:\Belajar\New folder\KodingAkademi\node_modules\react-native-gradle-plugin\.gradle\7.5.1\executionHistory)" [_thread_blocked, id=14988, stack(0x000000e926400000,0x000000e926500000)]
  0x000001f2d15a6800 JavaThread "Unconstrained build operations Thread 34" [_thread_blocked, id=9592, stack(0x000000e926500000,0x000000e926600000)]
  0x000001f2d15a7800 JavaThread "Unconstrained build operations Thread 35" [_thread_blocked, id=12616, stack(0x000000e926600000,0x000000e926700000)]
  0x000001f2d15a8800 JavaThread "Unconstrained build operations Thread 36" [_thread_blocked, id=11340, stack(0x000000e926700000,0x000000e926800000)]
  0x000001f2d15a5000 JavaThread "Unconstrained build operations Thread 37" [_thread_blocked, id=13592, stack(0x000000e926800000,0x000000e926900000)]
  0x000001f2d1a05000 JavaThread "Unconstrained build operations Thread 38" [_thread_blocked, id=6564, stack(0x000000e926900000,0x000000e926a00000)]
  0x000001f2d1a06800 JavaThread "Unconstrained build operations Thread 39" [_thread_blocked, id=9488, stack(0x000000e926a00000,0x000000e926b00000)]
  0x000001f2d1a04000 JavaThread "Unconstrained build operations Thread 40" [_thread_blocked, id=9020, stack(0x000000e926b00000,0x000000e926c00000)]

Other Threads:
  0x000001f2ca84e000 VMThread "VM Thread" [stack: 0x000000e920f00000,0x000000e921000000] [id=3232]
  0x000001f2cab5a000 WatcherThread [stack: 0x000000e921900000,0x000000e921a00000] [id=2456]
  0x000001f2ab84d800 GCTaskThread "GC Thread#0" [stack: 0x000000e920a00000,0x000000e920b00000] [id=14632]
  0x000001f2cad9a800 GCTaskThread "GC Thread#1" [stack: 0x000000e921a00000,0x000000e921b00000] [id=12920]
  0x000001f2cc9d0000 GCTaskThread "GC Thread#2" [stack: 0x000000e921c00000,0x000000e921d00000] [id=10988]
  0x000001f2cb8f5000 GCTaskThread "GC Thread#3" [stack: 0x000000e921d00000,0x000000e921e00000] [id=5396]
  0x000001f2ab87f000 ConcurrentGCThread "G1 Main Marker" [stack: 0x000000e920b00000,0x000000e920c00000] [id=580]
  0x000001f2ab881800 ConcurrentGCThread "G1 Conc#0" [stack: 0x000000e920c00000,0x000000e920d00000] [id=15276]
  0x000001f2ab8d8800 ConcurrentGCThread "G1 Refine#0" [stack: 0x000000e920d00000,0x000000e920e00000] [id=12752]
  0x000001f2ab8d9800 ConcurrentGCThread "G1 Young RemSet Sampling" [stack: 0x000000e920e00000,0x000000e920f00000] [id=9672]

Threads with active compile tasks:
C2 CompilerThread0    61828 9046       4       java.util.concurrent.locks.AbstractQueuedSynchronizer$ConditionObject::addConditionWaiter (79 bytes)

VM state:not at safepoint (normal execution)

VM Mutex/Monitor currently owned by a thread:  ([mutex/lock_event])
[0x000001f2ab830b40] SymbolTable_lock - owner thread: 0x0000000000000000

Heap address: 0x0000000080000000, size: 2048 MB, Compressed Oops mode: 32-bit
Narrow klass base: 0x0000000000000000, Narrow klass shift: 3
Compressed class space size: 528482304 Address: 0x0000000100000000

Heap:
 garbage-first heap   total 165888K, used 92012K [0x0000000080000000, 0x0000000100000000)
  region size 1024K, 13 young (13312K), 3 survivors (3072K)
 Metaspace       used 84138K, capacity 86558K, committed 86736K, reserved 591872K
  class space    used 10910K, capacity 11873K, committed 11904K, reserved 516096K
Heap Regions: E=young(eden), S=young(survivor), O=old, HS=humongous(starts), HC=humongous(continues), CS=collection set, F=free, A=archive, TAMS=top-at-mark-start (previous, next)
|   0|0x0000000080000000, 0x0000000080100000, 0x0000000080100000|100%|HS|  |TAMS 0x0000000080100000, 0x0000000080000000| Complete 
|   1|0x0000000080100000, 0x0000000080200000, 0x0000000080200000|100%|HC|  |TAMS 0x0000000080200000, 0x0000000080100000| Complete 
|   2|0x0000000080200000, 0x0000000080300000, 0x0000000080300000|100%|HC|  |TAMS 0x0000000080300000, 0x0000000080200000| Complete 
|   3|0x0000000080300000, 0x0000000080400000, 0x0000000080400000|100%| O|  |TAMS 0x0000000080400000, 0x0000000080300000| Untracked 
|   4|0x0000000080400000, 0x0000000080500000, 0x0000000080500000|100%| O|  |TAMS 0x0000000080500000, 0x0000000080400000| Untracked 
|   5|0x0000000080500000, 0x0000000080600000, 0x0000000080600000|100%| O|  |TAMS 0x0000000080600000, 0x0000000080500000| Untracked 
|   6|0x0000000080600000, 0x0000000080700000, 0x0000000080700000|100%| O|  |TAMS 0x0000000080700000, 0x0000000080600000| Untracked 
|   7|0x0000000080700000, 0x0000000080800000, 0x0000000080800000|100%| O|  |TAMS 0x0000000080800000, 0x0000000080700000| Untracked 
|   8|0x0000000080800000, 0x0000000080900000, 0x0000000080900000|100%| O|  |TAMS 0x0000000080900000, 0x0000000080800000| Untracked 
|   9|0x0000000080900000, 0x0000000080a00000, 0x0000000080a00000|100%| O|  |TAMS 0x0000000080a00000, 0x0000000080900000| Untracked 
|  10|0x0000000080a00000, 0x0000000080b00000, 0x0000000080b00000|100%| O|  |TAMS 0x0000000080b00000, 0x0000000080a00000| Untracked 
|  11|0x0000000080b00000, 0x0000000080c00000, 0x0000000080c00000|100%| O|  |TAMS 0x0000000080c00000, 0x0000000080b00000| Untracked 
|  12|0x0000000080c00000, 0x0000000080d00000, 0x0000000080d00000|100%| O|  |TAMS 0x0000000080d00000, 0x0000000080c00000| Untracked 
|  13|0x0000000080d00000, 0x0000000080e00000, 0x0000000080e00000|100%| O|  |TAMS 0x0000000080e00000, 0x0000000080d00000| Untracked 
|  14|0x0000000080e00000, 0x0000000080f00000, 0x0000000080f00000|100%| O|  |TAMS 0x0000000080f00000, 0x0000000080e00000| Untracked 
|  15|0x0000000080f00000, 0x0000000081000000, 0x0000000081000000|100%| O|  |TAMS 0x0000000081000000, 0x0000000080f00000| Untracked 
|  16|0x0000000081000000, 0x0000000081100000, 0x0000000081100000|100%| O|  |TAMS 0x0000000081100000, 0x0000000081000000| Untracked 
|  17|0x0000000081100000, 0x0000000081200000, 0x0000000081200000|100%| O|  |TAMS 0x0000000081200000, 0x0000000081100000| Untracked 
|  18|0x0000000081200000, 0x0000000081300000, 0x0000000081300000|100%| O|  |TAMS 0x0000000081300000, 0x0000000081200000| Untracked 
|  19|0x0000000081300000, 0x0000000081400000, 0x0000000081400000|100%| O|  |TAMS 0x0000000081400000, 0x0000000081300000| Untracked 
|  20|0x0000000081400000, 0x0000000081500000, 0x0000000081500000|100%| O|  |TAMS 0x0000000081500000, 0x0000000081400000| Untracked 
|  21|0x0000000081500000, 0x0000000081600000, 0x0000000081600000|100%| O|  |TAMS 0x0000000081600000, 0x0000000081500000| Untracked 
|  22|0x0000000081600000, 0x0000000081700000, 0x0000000081700000|100%| O|  |TAMS 0x0000000081700000, 0x0000000081600000| Untracked 
|  23|0x0000000081700000, 0x0000000081800000, 0x0000000081800000|100%| O|  |TAMS 0x0000000081800000, 0x0000000081700000| Untracked 
|  24|0x0000000081800000, 0x0000000081900000, 0x0000000081900000|100%| O|  |TAMS 0x0000000081900000, 0x0000000081800000| Untracked 
|  25|0x0000000081900000, 0x0000000081a00000, 0x0000000081a00000|100%| O|  |TAMS 0x0000000081a00000, 0x0000000081900000| Untracked 
|  26|0x0000000081a00000, 0x0000000081b00000, 0x0000000081b00000|100%| O|  |TAMS 0x0000000081b00000, 0x0000000081a00000| Untracked 
|  27|0x0000000081b00000, 0x0000000081c00000, 0x0000000081c00000|100%| O|  |TAMS 0x0000000081c00000, 0x0000000081b00000| Untracked 
|  28|0x0000000081c00000, 0x0000000081d00000, 0x0000000081d00000|100%| O|  |TAMS 0x0000000081d00000, 0x0000000081c00000| Untracked 
|  29|0x0000000081d00000, 0x0000000081e00000, 0x0000000081e00000|100%| O|  |TAMS 0x0000000081e00000, 0x0000000081d00000| Untracked 
|  30|0x0000000081e00000, 0x0000000081f00000, 0x0000000081f00000|100%| O|  |TAMS 0x0000000081f00000, 0x0000000081e00000| Untracked 
|  31|0x0000000081f00000, 0x0000000082000000, 0x0000000082000000|100%| O|  |TAMS 0x0000000082000000, 0x0000000081f00000| Untracked 
|  32|0x0000000082000000, 0x0000000082100000, 0x0000000082100000|100%| O|  |TAMS 0x0000000082100000, 0x0000000082000000| Untracked 
|  33|0x0000000082100000, 0x0000000082200000, 0x0000000082200000|100%|HS|  |TAMS 0x0000000082200000, 0x0000000082100000| Complete 
|  34|0x0000000082200000, 0x0000000082300000, 0x0000000082300000|100%|HS|  |TAMS 0x0000000082300000, 0x0000000082200000| Complete 
|  35|0x0000000082300000, 0x0000000082400000, 0x0000000082400000|100%|HC|  |TAMS 0x0000000082400000, 0x0000000082300000| Complete 
|  36|0x0000000082400000, 0x0000000082500000, 0x0000000082500000|100%|HC|  |TAMS 0x0000000082500000, 0x0000000082400000| Complete 
|  37|0x0000000082500000, 0x0000000082600000, 0x0000000082600000|100%| O|  |TAMS 0x0000000082600000, 0x0000000082500000| Untracked 
|  38|0x0000000082600000, 0x0000000082700000, 0x0000000082700000|100%| O|  |TAMS 0x0000000082700000, 0x0000000082600000| Untracked 
|  39|0x0000000082700000, 0x0000000082800000, 0x0000000082800000|100%| O|  |TAMS 0x0000000082800000, 0x0000000082700000| Untracked 
|  40|0x0000000082800000, 0x0000000082900000, 0x0000000082900000|100%| O|  |TAMS 0x0000000082900000, 0x0000000082800000| Untracked 
|  41|0x0000000082900000, 0x0000000082a00000, 0x0000000082a00000|100%| O|  |TAMS 0x0000000082a00000, 0x0000000082900000| Untracked 
|  42|0x0000000082a00000, 0x0000000082b00000, 0x0000000082b00000|100%| O|  |TAMS 0x0000000082b00000, 0x0000000082a00000| Untracked 
|  43|0x0000000082b00000, 0x0000000082c00000, 0x0000000082c00000|100%| O|  |TAMS 0x0000000082c00000, 0x0000000082b00000| Untracked 
|  44|0x0000000082c00000, 0x0000000082d00000, 0x0000000082d00000|100%| O|  |TAMS 0x0000000082d00000, 0x0000000082c00000| Untracked 
|  45|0x0000000082d00000, 0x0000000082e00000, 0x0000000082e00000|100%| O|  |TAMS 0x0000000082e00000, 0x0000000082d00000| Untracked 
|  46|0x0000000082e00000, 0x0000000082f00000, 0x0000000082f00000|100%| O|  |TAMS 0x0000000082f00000, 0x0000000082e00000| Untracked 
|  47|0x0000000082f00000, 0x0000000083000000, 0x0000000083000000|100%| O|  |TAMS 0x0000000083000000, 0x0000000082f00000| Untracked 
|  48|0x0000000083000000, 0x0000000083100000, 0x0000000083100000|100%| O|  |TAMS 0x0000000083100000, 0x0000000083000000| Untracked 
|  49|0x0000000083100000, 0x0000000083200000, 0x0000000083200000|100%| O|  |TAMS 0x0000000083200000, 0x0000000083100000| Untracked 
|  50|0x0000000083200000, 0x0000000083300000, 0x0000000083300000|100%| O|  |TAMS 0x0000000083300000, 0x0000000083200000| Untracked 
|  51|0x0000000083300000, 0x0000000083400000, 0x0000000083400000|100%| O|  |TAMS 0x0000000083400000, 0x0000000083300000| Untracked 
|  52|0x0000000083400000, 0x0000000083500000, 0x0000000083500000|100%|HS|  |TAMS 0x0000000083400000, 0x0000000083400000| Complete 
|  53|0x0000000083500000, 0x0000000083600000, 0x0000000083600000|100%|HS|  |TAMS 0x0000000083600000, 0x0000000083500000| Complete 
|  54|0x0000000083600000, 0x0000000083700000, 0x0000000083700000|100%| O|  |TAMS 0x0000000083700000, 0x0000000083600000| Untracked 
|  55|0x0000000083700000, 0x0000000083800000, 0x0000000083800000|100%| O|  |TAMS 0x0000000083800000, 0x0000000083700000| Untracked 
|  56|0x0000000083800000, 0x0000000083900000, 0x0000000083900000|100%|HS|  |TAMS 0x0000000083900000, 0x0000000083800000| Complete 
|  57|0x0000000083900000, 0x0000000083a00000, 0x0000000083a00000|100%| O|  |TAMS 0x0000000083a00000, 0x0000000083900000| Untracked 
|  58|0x0000000083a00000, 0x0000000083b00000, 0x0000000083b00000|100%| O|  |TAMS 0x0000000083b00000, 0x0000000083a00000| Untracked 
|  59|0x0000000083b00000, 0x0000000083c00000, 0x0000000083c00000|100%| O|  |TAMS 0x0000000083c00000, 0x0000000083b00000| Untracked 
|  60|0x0000000083c00000, 0x0000000083d00000, 0x0000000083d00000|100%| O|  |TAMS 0x0000000083d00000, 0x0000000083c00000| Untracked 
|  61|0x0000000083d00000, 0x0000000083e00000, 0x0000000083e00000|100%| O|  |TAMS 0x0000000083e00000, 0x0000000083d00000| Untracked 
|  62|0x0000000083e00000, 0x0000000083f00000, 0x0000000083f00000|100%| O|  |TAMS 0x0000000083f00000, 0x0000000083e00000| Untracked 
|  63|0x0000000083f00000, 0x0000000084000000, 0x0000000084000000|100%| O|  |TAMS 0x0000000083fe0a00, 0x0000000083f00000| Untracked 
|  64|0x0000000084000000, 0x0000000084100000, 0x0000000084100000|100%|HS|  |TAMS 0x0000000084100000, 0x0000000084000000| Complete 
|  65|0x0000000084100000, 0x0000000084200000, 0x0000000084200000|100%|HC|  |TAMS 0x0000000084200000, 0x0000000084100000| Complete 
|  66|0x0000000084200000, 0x0000000084300000, 0x0000000084300000|100%| O|  |TAMS 0x0000000084200000, 0x0000000084200000| Untracked 
|  67|0x0000000084300000, 0x0000000084400000, 0x0000000084400000|100%| O|  |TAMS 0x0000000084300000, 0x0000000084300000| Untracked 
|  68|0x0000000084400000, 0x0000000084500000, 0x0000000084500000|100%| O|  |TAMS 0x0000000084400000, 0x0000000084400000| Untracked 
|  69|0x0000000084500000, 0x0000000084600000, 0x0000000084600000|100%| O|  |TAMS 0x0000000084500000, 0x0000000084500000| Untracked 
|  70|0x0000000084600000, 0x0000000084700000, 0x0000000084700000|100%| O|  |TAMS 0x0000000084600000, 0x0000000084600000| Untracked 
|  71|0x0000000084700000, 0x0000000084800000, 0x0000000084800000|100%| O|  |TAMS 0x0000000084700000, 0x0000000084700000| Untracked 
|  72|0x0000000084800000, 0x0000000084900000, 0x0000000084900000|100%| O|  |TAMS 0x0000000084800000, 0x0000000084800000| Untracked 
|  73|0x0000000084900000, 0x0000000084a00000, 0x0000000084a00000|100%| O|  |TAMS 0x0000000084900000, 0x0000000084900000| Untracked 
|  74|0x0000000084a00000, 0x0000000084b00000, 0x0000000084b00000|100%| O|  |TAMS 0x0000000084a00000, 0x0000000084a00000| Untracked 
|  75|0x0000000084b00000, 0x0000000084c00000, 0x0000000084c00000|100%| O|  |TAMS 0x0000000084b00000, 0x0000000084b00000| Untracked 
|  76|0x0000000084c00000, 0x0000000084d00000, 0x0000000084d00000|100%| O|  |TAMS 0x0000000084c00000, 0x0000000084c00000| Untracked 
|  77|0x0000000084d00000, 0x0000000084e00000, 0x0000000084e00000|100%| O|  |TAMS 0x0000000084d00000, 0x0000000084d00000| Untracked 
|  78|0x0000000084e00000, 0x0000000084e35200, 0x0000000084f00000| 20%| O|  |TAMS 0x0000000084e00000, 0x0000000084e00000| Untracked 
|  79|0x0000000084f00000, 0x0000000084f00000, 0x0000000085000000|  0%| F|  |TAMS 0x0000000084f00000, 0x0000000084f00000| Untracked 
|  80|0x0000000085000000, 0x0000000085000000, 0x0000000085100000|  0%| F|  |TAMS 0x0000000085000000, 0x0000000085000000| Untracked 
|  81|0x0000000085100000, 0x0000000085100000, 0x0000000085200000|  0%| F|  |TAMS 0x0000000085100000, 0x0000000085100000| Untracked 
|  82|0x0000000085200000, 0x0000000085200000, 0x0000000085300000|  0%| F|  |TAMS 0x0000000085200000, 0x0000000085200000| Untracked 
|  83|0x0000000085300000, 0x0000000085300000, 0x0000000085400000|  0%| F|  |TAMS 0x0000000085300000, 0x0000000085300000| Untracked 
|  84|0x0000000085400000, 0x0000000085400000, 0x0000000085500000|  0%| F|  |TAMS 0x0000000085400000, 0x0000000085400000| Untracked 
|  85|0x0000000085500000, 0x0000000085500000, 0x0000000085600000|  0%| F|  |TAMS 0x0000000085500000, 0x0000000085500000| Untracked 
|  86|0x0000000085600000, 0x0000000085600000, 0x0000000085700000|  0%| F|  |TAMS 0x0000000085600000, 0x0000000085600000| Untracked 
|  87|0x0000000085700000, 0x0000000085700000, 0x0000000085800000|  0%| F|  |TAMS 0x0000000085700000, 0x0000000085700000| Untracked 
|  88|0x0000000085800000, 0x0000000085800000, 0x0000000085900000|  0%| F|  |TAMS 0x0000000085800000, 0x0000000085800000| Untracked 
|  89|0x0000000085900000, 0x0000000085900000, 0x0000000085a00000|  0%| F|  |TAMS 0x0000000085900000, 0x0000000085900000| Untracked 
|  90|0x0000000085a00000, 0x0000000085a00000, 0x0000000085b00000|  0%| F|  |TAMS 0x0000000085a00000, 0x0000000085a00000| Untracked 
|  91|0x0000000085b00000, 0x0000000085b00000, 0x0000000085c00000|  0%| F|  |TAMS 0x0000000085b00000, 0x0000000085b00000| Untracked 
|  92|0x0000000085c00000, 0x0000000085c00000, 0x0000000085d00000|  0%| F|  |TAMS 0x0000000085c00000, 0x0000000085c00000| Untracked 
|  93|0x0000000085d00000, 0x0000000085d00000, 0x0000000085e00000|  0%| F|  |TAMS 0x0000000085d00000, 0x0000000085d00000| Untracked 
|  94|0x0000000085e00000, 0x0000000085e00000, 0x0000000085f00000|  0%| F|  |TAMS 0x0000000085e00000, 0x0000000085e00000| Untracked 
|  95|0x0000000085f00000, 0x0000000085f00000, 0x0000000086000000|  0%| F|  |TAMS 0x0000000085f00000, 0x0000000085f00000| Untracked 
|  96|0x0000000086000000, 0x0000000086000000, 0x0000000086100000|  0%| F|  |TAMS 0x0000000086000000, 0x0000000086000000| Untracked 
|  97|0x0000000086100000, 0x0000000086100000, 0x0000000086200000|  0%| F|  |TAMS 0x0000000086100000, 0x0000000086100000| Untracked 
|  98|0x0000000086200000, 0x0000000086200000, 0x0000000086300000|  0%| F|  |TAMS 0x0000000086200000, 0x0000000086200000| Untracked 
|  99|0x0000000086300000, 0x0000000086300000, 0x0000000086400000|  0%| F|  |TAMS 0x0000000086300000, 0x0000000086300000| Untracked 
| 100|0x0000000086400000, 0x0000000086400000, 0x0000000086500000|  0%| F|  |TAMS 0x0000000086400000, 0x0000000086400000| Untracked 
| 101|0x0000000086500000, 0x0000000086500000, 0x0000000086600000|  0%| F|  |TAMS 0x0000000086500000, 0x0000000086500000| Untracked 
| 102|0x0000000086600000, 0x0000000086600000, 0x0000000086700000|  0%| F|  |TAMS 0x0000000086600000, 0x0000000086600000| Untracked 
| 103|0x0000000086700000, 0x00000000867a5fe0, 0x0000000086800000| 64%| S|CS|TAMS 0x0000000086700000, 0x0000000086700000| Complete 
| 104|0x0000000086800000, 0x0000000086900000, 0x0000000086900000|100%| S|CS|TAMS 0x0000000086800000, 0x0000000086800000| Complete 
| 105|0x0000000086900000, 0x0000000086a00000, 0x0000000086a00000|100%| S|CS|TAMS 0x0000000086900000, 0x0000000086900000| Complete 
| 106|0x0000000086a00000, 0x0000000086a00000, 0x0000000086b00000|  0%| F|  |TAMS 0x0000000086a00000, 0x0000000086a00000| Untracked 
| 107|0x0000000086b00000, 0x0000000086b00000, 0x0000000086c00000|  0%| F|  |TAMS 0x0000000086b00000, 0x0000000086b00000| Untracked 
| 108|0x0000000086c00000, 0x0000000086c00000, 0x0000000086d00000|  0%| F|  |TAMS 0x0000000086c00000, 0x0000000086c00000| Untracked 
| 109|0x0000000086d00000, 0x0000000086d00000, 0x0000000086e00000|  0%| F|  |TAMS 0x0000000086d00000, 0x0000000086d00000| Untracked 
| 110|0x0000000086e00000, 0x0000000086e00000, 0x0000000086f00000|  0%| F|  |TAMS 0x0000000086e00000, 0x0000000086e00000| Untracked 
| 111|0x0000000086f00000, 0x0000000086f00000, 0x0000000087000000|  0%| F|  |TAMS 0x0000000086f00000, 0x0000000086f00000| Untracked 
| 112|0x0000000087000000, 0x0000000087000000, 0x0000000087100000|  0%| F|  |TAMS 0x0000000087000000, 0x0000000087000000| Untracked 
| 113|0x0000000087100000, 0x0000000087100000, 0x0000000087200000|  0%| F|  |TAMS 0x0000000087100000, 0x0000000087100000| Untracked 
| 114|0x0000000087200000, 0x0000000087200000, 0x0000000087300000|  0%| F|  |TAMS 0x0000000087200000, 0x0000000087200000| Untracked 
| 115|0x0000000087300000, 0x0000000087300000, 0x0000000087400000|  0%| F|  |TAMS 0x0000000087300000, 0x0000000087300000| Untracked 
| 116|0x0000000087400000, 0x0000000087400000, 0x0000000087500000|  0%| F|  |TAMS 0x0000000087400000, 0x0000000087400000| Untracked 
| 117|0x0000000087500000, 0x0000000087500000, 0x0000000087600000|  0%| F|  |TAMS 0x0000000087500000, 0x0000000087500000| Untracked 
| 118|0x0000000087600000, 0x0000000087600000, 0x0000000087700000|  0%| F|  |TAMS 0x0000000087600000, 0x0000000087600000| Untracked 
| 119|0x0000000087700000, 0x0000000087700000, 0x0000000087800000|  0%| F|  |TAMS 0x0000000087700000, 0x0000000087700000| Untracked 
| 120|0x0000000087800000, 0x0000000087800000, 0x0000000087900000|  0%| F|  |TAMS 0x0000000087800000, 0x0000000087800000| Untracked 
| 121|0x0000000087900000, 0x0000000087900000, 0x0000000087a00000|  0%| F|  |TAMS 0x0000000087900000, 0x0000000087900000| Untracked 
| 122|0x0000000087a00000, 0x0000000087a00000, 0x0000000087b00000|  0%| F|  |TAMS 0x0000000087a00000, 0x0000000087a00000| Untracked 
| 123|0x0000000087b00000, 0x0000000087b00000, 0x0000000087c00000|  0%| F|  |TAMS 0x0000000087b00000, 0x0000000087b00000| Untracked 
| 124|0x0000000087c00000, 0x0000000087c00000, 0x0000000087d00000|  0%| F|  |TAMS 0x0000000087c00000, 0x0000000087c00000| Untracked 
| 125|0x0000000087d00000, 0x0000000087d00000, 0x0000000087e00000|  0%| F|  |TAMS 0x0000000087d00000, 0x0000000087d00000| Untracked 
| 126|0x0000000087e00000, 0x0000000087e00000, 0x0000000087f00000|  0%| F|  |TAMS 0x0000000087e00000, 0x0000000087e00000| Untracked 
| 127|0x0000000087f00000, 0x0000000087f00000, 0x0000000088000000|  0%| F|  |TAMS 0x0000000087f00000, 0x0000000087f00000| Untracked 
| 128|0x0000000088000000, 0x0000000088000000, 0x0000000088100000|  0%| F|  |TAMS 0x0000000088000000, 0x0000000088000000| Untracked 
| 129|0x0000000088100000, 0x0000000088100000, 0x0000000088200000|  0%| F|  |TAMS 0x0000000088100000, 0x0000000088100000| Untracked 
| 130|0x0000000088200000, 0x0000000088200000, 0x0000000088300000|  0%| F|  |TAMS 0x0000000088200000, 0x0000000088200000| Untracked 
| 131|0x0000000088300000, 0x0000000088300000, 0x0000000088400000|  0%| F|  |TAMS 0x0000000088300000, 0x0000000088300000| Untracked 
| 132|0x0000000088400000, 0x0000000088400000, 0x0000000088500000|  0%| F|  |TAMS 0x0000000088400000, 0x0000000088400000| Untracked 
| 133|0x0000000088500000, 0x0000000088500000, 0x0000000088600000|  0%| F|  |TAMS 0x0000000088500000, 0x0000000088500000| Untracked 
| 134|0x0000000088600000, 0x0000000088600000, 0x0000000088700000|  0%| F|  |TAMS 0x0000000088600000, 0x0000000088600000| Untracked 
| 135|0x0000000088700000, 0x0000000088700000, 0x0000000088800000|  0%| F|  |TAMS 0x0000000088700000, 0x0000000088700000| Untracked 
| 136|0x0000000088800000, 0x0000000088800000, 0x0000000088900000|  0%| F|  |TAMS 0x0000000088800000, 0x0000000088800000| Untracked 
| 137|0x0000000088900000, 0x0000000088900000, 0x0000000088a00000|  0%| F|  |TAMS 0x0000000088900000, 0x0000000088900000| Untracked 
| 138|0x0000000088a00000, 0x0000000088a00000, 0x0000000088b00000|  0%| F|  |TAMS 0x0000000088a00000, 0x0000000088a00000| Untracked 
| 139|0x0000000088b00000, 0x0000000088b00000, 0x0000000088c00000|  0%| F|  |TAMS 0x0000000088b00000, 0x0000000088b00000| Untracked 
| 140|0x0000000088c00000, 0x0000000088c00000, 0x0000000088d00000|  0%| F|  |TAMS 0x0000000088c00000, 0x0000000088c00000| Untracked 
| 141|0x0000000088d00000, 0x0000000088d00000, 0x0000000088e00000|  0%| F|  |TAMS 0x0000000088d00000, 0x0000000088d00000| Untracked 
| 142|0x0000000088e00000, 0x0000000088e00000, 0x0000000088f00000|  0%| F|  |TAMS 0x0000000088e00000, 0x0000000088e00000| Untracked 
| 143|0x0000000088f00000, 0x0000000088f00000, 0x0000000089000000|  0%| F|  |TAMS 0x0000000088f00000, 0x0000000088f00000| Untracked 
| 144|0x0000000089000000, 0x0000000089000000, 0x0000000089100000|  0%| F|  |TAMS 0x0000000089000000, 0x0000000089000000| Untracked 
| 145|0x0000000089100000, 0x0000000089100000, 0x0000000089200000|  0%| F|  |TAMS 0x0000000089100000, 0x0000000089100000| Untracked 
| 146|0x0000000089200000, 0x0000000089200000, 0x0000000089300000|  0%| F|  |TAMS 0x0000000089200000, 0x0000000089200000| Untracked 
| 147|0x0000000089300000, 0x0000000089300000, 0x0000000089400000|  0%| F|  |TAMS 0x0000000089300000, 0x0000000089300000| Untracked 
| 148|0x0000000089400000, 0x0000000089400000, 0x0000000089500000|  0%| F|  |TAMS 0x0000000089400000, 0x0000000089400000| Untracked 
| 149|0x0000000089500000, 0x0000000089500000, 0x0000000089600000|  0%| F|  |TAMS 0x0000000089500000, 0x0000000089500000| Untracked 
| 150|0x0000000089600000, 0x0000000089600000, 0x0000000089700000|  0%| F|  |TAMS 0x0000000089600000, 0x0000000089600000| Untracked 
| 151|0x0000000089700000, 0x0000000089780800, 0x0000000089800000| 50%| E|  |TAMS 0x0000000089700000, 0x0000000089700000| Complete 
| 152|0x0000000089800000, 0x0000000089900000, 0x0000000089900000|100%| E|CS|TAMS 0x0000000089800000, 0x0000000089800000| Complete 
| 153|0x0000000089900000, 0x0000000089a00000, 0x0000000089a00000|100%| E|CS|TAMS 0x0000000089900000, 0x0000000089900000| Complete 
| 154|0x0000000089a00000, 0x0000000089b00000, 0x0000000089b00000|100%| E|CS|TAMS 0x0000000089a00000, 0x0000000089a00000| Complete 
| 155|0x0000000089b00000, 0x0000000089c00000, 0x0000000089c00000|100%| E|CS|TAMS 0x0000000089b00000, 0x0000000089b00000| Complete 
| 156|0x0000000089c00000, 0x0000000089d00000, 0x0000000089d00000|100%| E|CS|TAMS 0x0000000089c00000, 0x0000000089c00000| Complete 
| 157|0x0000000089d00000, 0x0000000089e00000, 0x0000000089e00000|100%| E|CS|TAMS 0x0000000089d00000, 0x0000000089d00000| Complete 
| 158|0x0000000089e00000, 0x0000000089f00000, 0x0000000089f00000|100%| E|CS|TAMS 0x0000000089e00000, 0x0000000089e00000| Complete 
| 159|0x0000000089f00000, 0x000000008a000000, 0x000000008a000000|100%| E|CS|TAMS 0x0000000089f00000, 0x0000000089f00000| Complete 
| 160|0x000000008a000000, 0x000000008a100000, 0x000000008a100000|100%| E|CS|TAMS 0x000000008a000000, 0x000000008a000000| Complete 
| 161|0x000000008a100000, 0x000000008a200000, 0x000000008a200000|100%| E|CS|TAMS 0x000000008a100000, 0x000000008a100000| Complete 

Card table byte_map: [0x000001f2c33b0000,0x000001f2c37b0000] _byte_map_base: 0x000001f2c2fb0000

Marking Bits (Prev, Next): (CMBitMap*) 0x000001f2ab8763f8, (CMBitMap*) 0x000001f2ab876430
 Prev Bits: [0x000001f2c3bb0000, 0x000001f2c5bb0000)
 Next Bits: [0x000001f2c5bb0000, 0x000001f2c7bb0000)

Polling page: 0x000001f2a9800000

Metaspace:

Usage:
  Non-class:     72.93 MB capacity,    71.51 MB ( 98%) used,     1.18 MB (  2%) free+waste,   250.50 KB ( <1%) overhead. 
      Class:     11.59 MB capacity,    10.65 MB ( 92%) used,   844.10 KB (  7%) free+waste,   118.44 KB ( <1%) overhead. 
       Both:     84.53 MB capacity,    82.17 MB ( 97%) used,     2.00 MB (  2%) free+waste,   368.94 KB ( <1%) overhead. 

Virtual space:
  Non-class space:       74.00 MB reserved,      73.08 MB ( 99%) committed 
      Class space:      504.00 MB reserved,      11.63 MB (  2%) committed 
             Both:      578.00 MB reserved,      84.70 MB ( 15%) committed 

Chunk freelists:
   Non-Class:  19.00 KB
       Class:  1.00 KB
        Both:  20.00 KB

MaxMetaspaceSize: 512.00 MB
CompressedClassSpaceSize: 504.00 MB
Initial GC threshold: 20.80 MB
Current GC threshold: 128.67 MB
CDS: off

CodeHeap 'non-profiled nmethods': size=120064Kb used=4501Kb max_used=4501Kb free=115562Kb
 bounds [0x000001f2bba70000, 0x000001f2bbee0000, 0x000001f2c2fb0000]
CodeHeap 'profiled nmethods': size=120000Kb used=19526Kb max_used=19526Kb free=100473Kb
 bounds [0x000001f2b4540000, 0x000001f2b5860000, 0x000001f2bba70000]
CodeHeap 'non-nmethods': size=5696Kb used=2380Kb max_used=2420Kb free=3315Kb
 bounds [0x000001f2b3fb0000, 0x000001f2b4220000, 0x000001f2b4540000]
 total_blobs=9918 nmethods=9010 adapters=818
 compilation: enabled
              stopped_count=0, restarted_count=0
 full_count=0

Compilation events (20 events):
Event: 60.440 Thread 0x000001f2ca8bc800 9040       2       org.codehaus.groovy.reflection.CachedClass$1::initValue (15 bytes)
Event: 60.440 Thread 0x000001f2ca8bc800 nmethod 9040 0x000001f2b5821010 code [0x000001f2b58211e0, 0x000001f2b58213e8]
Event: 60.441 Thread 0x000001f2ca8bc800 9041       2       org.codehaus.groovy.reflection.CachedClass$1$$Lambda$340/0x00000001004c7040::apply (5 bytes)
Event: 60.441 Thread 0x000001f2ca8bc800 nmethod 9041 0x000001f2b5821510 code [0x000001f2b58216c0, 0x000001f2b5821858]
Event: 60.442 Thread 0x000001f2ca8bc800 9042       2       org.gradle.internal.typeconversion.NotationConverterToNotationParserAdapter$ResultImpl::converted (11 bytes)
Event: 60.443 Thread 0x000001f2ca8bc800 nmethod 9042 0x000001f2b5821910 code [0x000001f2b5821ac0, 0x000001f2b5821c18]
Event: 60.443 Thread 0x000001f2ca8bc800 9043       2       java.lang.reflect.Field::get (29 bytes)
Event: 60.444 Thread 0x000001f2ca8bc800 nmethod 9043 0x000001f2b5821c90 code [0x000001f2b5821e60, 0x000001f2b5822078]
Event: 60.446 Thread 0x000001f2ca8bc800 9044       1       org.gradle.internal.action.DefaultConfigurableRule::isCacheable (5 bytes)
Event: 60.446 Thread 0x000001f2ca8bc800 nmethod 9044 0x000001f2bbecb790 code [0x000001f2bbecb940, 0x000001f2bbecb9f8]
Event: 60.608 Thread 0x000001f2ca8bb800 nmethod 8974 0x000001f2bbecba90 code [0x000001f2bbecbde0, 0x000001f2bbece798]
Event: 60.608 Thread 0x000001f2ca8bb800 8845       4       java.util.TreeMap::put (247 bytes)
Event: 60.862 Thread 0x000001f2ca8bb800 nmethod 8845 0x000001f2bbecfd90 code [0x000001f2bbecffa0, 0x000001f2bbed30d8]
Event: 60.862 Thread 0x000001f2ca8bb800 8879       4       java.util.regex.Pattern::has (15 bytes)
Event: 60.863 Thread 0x000001f2ca8bb800 nmethod 8879 0x000001f2bbed3890 code [0x000001f2bbed3a20, 0x000001f2bbed3a98]
Event: 60.863 Thread 0x000001f2ca8bb800 8678       4       java.lang.Character::charCount (12 bytes)
Event: 60.863 Thread 0x000001f2ca8bb800 nmethod 8678 0x000001f2bbed3b90 code [0x000001f2bbed3d20, 0x000001f2bbed3d78]
Event: 60.975 Thread 0x000001f2ca8bc800 9045       1       com.sun.management.internal.PlatformMBeanProviderImpl$2::mbeanInterfaceNames (5 bytes)
Event: 60.975 Thread 0x000001f2ca8bc800 nmethod 9045 0x000001f2bbed3e90 code [0x000001f2bbed4040, 0x000001f2bbed40f8]
Event: 61.463 Thread 0x000001f2ca8bb800 9046       4       java.util.concurrent.locks.AbstractQueuedSynchronizer$ConditionObject::addConditionWaiter (79 bytes)

GC Heap History (20 events):
Event: 55.713 GC heap before
{Heap before GC invocations=42 (full 0):
 garbage-first heap   total 95232K, used 73802K [0x0000000080000000, 0x0000000100000000)
  region size 1024K, 22 young (22528K), 2 survivors (2048K)
 Metaspace       used 70696K, capacity 72774K, committed 72912K, reserved 579584K
  class space    used 9235K, capacity 10088K, committed 10112K, reserved 516096K
}
Event: 55.725 GC heap after
{Heap after GC invocations=43 (full 0):
 garbage-first heap   total 114688K, used 57274K [0x0000000080000000, 0x0000000100000000)
  region size 1024K, 3 young (3072K), 3 survivors (3072K)
 Metaspace       used 70696K, capacity 72774K, committed 72912K, reserved 579584K
  class space    used 9235K, capacity 10088K, committed 10112K, reserved 516096K
}
Event: 56.059 GC heap before
{Heap before GC invocations=44 (full 0):
 garbage-first heap   total 114688K, used 65466K [0x0000000080000000, 0x0000000100000000)
  region size 1024K, 11 young (11264K), 3 survivors (3072K)
 Metaspace       used 70807K, capacity 72900K, committed 73040K, reserved 579584K
  class space    used 9246K, capacity 10129K, committed 10240K, reserved 516096K
}
Event: 56.074 GC heap after
{Heap after GC invocations=45 (full 0):
 garbage-first heap   total 114688K, used 61023K [0x0000000080000000, 0x0000000100000000)
  region size 1024K, 4 young (4096K), 4 survivors (4096K)
 Metaspace       used 70807K, capacity 72900K, committed 73040K, reserved 579584K
  class space    used 9246K, capacity 10129K, committed 10240K, reserved 516096K
}
Event: 56.700 GC heap before
{Heap before GC invocations=46 (full 0):
 garbage-first heap   total 114688K, used 82527K [0x0000000080000000, 0x0000000100000000)
  region size 1024K, 25 young (25600K), 4 survivors (4096K)
 Metaspace       used 73057K, capacity 75251K, committed 75344K, reserved 581632K
  class space    used 9539K, capacity 10420K, committed 10496K, reserved 516096K
}
Event: 56.712 GC heap after
{Heap after GC invocations=47 (full 0):
 garbage-first heap   total 114688K, used 64688K [0x0000000080000000, 0x0000000100000000)
  region size 1024K, 3 young (3072K), 3 survivors (3072K)
 Metaspace       used 73057K, capacity 75251K, committed 75344K, reserved 581632K
  class space    used 9539K, capacity 10420K, committed 10496K, reserved 516096K
}
Event: 56.767 GC heap before
{Heap before GC invocations=47 (full 0):
 garbage-first heap   total 114688K, used 66736K [0x0000000080000000, 0x0000000100000000)
  region size 1024K, 5 young (5120K), 3 survivors (3072K)
 Metaspace       used 73315K, capacity 75478K, committed 75600K, reserved 581632K
  class space    used 9571K, capacity 10453K, committed 10496K, reserved 516096K
}
Event: 56.774 GC heap after
{Heap after GC invocations=48 (full 0):
 garbage-first heap   total 114688K, used 64434K [0x0000000080000000, 0x0000000100000000)
  region size 1024K, 1 young (1024K), 1 survivors (1024K)
 Metaspace       used 73315K, capacity 75478K, committed 75600K, reserved 581632K
  class space    used 9571K, capacity 10453K, committed 10496K, reserved 516096K
}
Event: 57.492 GC heap before
{Heap before GC invocations=48 (full 0):
 garbage-first heap   total 114688K, used 87986K [0x0000000080000000, 0x0000000100000000)
  region size 1024K, 21 young (21504K), 1 survivors (1024K)
 Metaspace       used 75725K, capacity 77999K, committed 78288K, reserved 583680K
  class space    used 9840K, capacity 10778K, committed 10880K, reserved 516096K
}
Event: 57.499 GC heap after
{Heap after GC invocations=49 (full 0):
 garbage-first heap   total 138240K, used 69506K [0x0000000080000000, 0x0000000100000000)
  region size 1024K, 3 young (3072K), 3 survivors (3072K)
 Metaspace       used 75725K, capacity 77999K, committed 78288K, reserved 583680K
  class space    used 9840K, capacity 10778K, committed 10880K, reserved 516096K
}
Event: 58.209 GC heap before
{Heap before GC invocations=50 (full 0):
 garbage-first heap   total 138240K, used 102274K [0x0000000080000000, 0x0000000100000000)
  region size 1024K, 31 young (31744K), 3 survivors (3072K)
 Metaspace       used 78895K, capacity 81222K, committed 81360K, reserved 587776K
  class space    used 10185K, capacity 11104K, committed 11136K, reserved 516096K
}
Event: 58.221 GC heap after
{Heap after GC invocations=51 (full 0):
 garbage-first heap   total 138240K, used 78701K [0x0000000080000000, 0x0000000100000000)
  region size 1024K, 4 young (4096K), 4 survivors (4096K)
 Metaspace       used 78895K, capacity 81222K, committed 81360K, reserved 587776K
  class space    used 10185K, capacity 11104K, committed 11136K, reserved 516096K
}
Event: 59.025 GC heap before
{Heap before GC invocations=51 (full 0):
 garbage-first heap   total 138240K, used 105325K [0x0000000080000000, 0x0000000100000000)
  region size 1024K, 28 young (28672K), 4 survivors (4096K)
 Metaspace       used 80906K, capacity 83173K, committed 83408K, reserved 589824K
  class space    used 10445K, capacity 11365K, committed 11392K, reserved 516096K
}
Event: 59.036 GC heap after
{Heap after GC invocations=52 (full 0):
 garbage-first heap   total 138240K, used 76650K [0x0000000080000000, 0x0000000100000000)
  region size 1024K, 2 young (2048K), 2 survivors (2048K)
 Metaspace       used 80906K, capacity 83173K, committed 83408K, reserved 589824K
  class space    used 10445K, capacity 11365K, committed 11392K, reserved 516096K
}
Event: 59.751 GC heap before
{Heap before GC invocations=52 (full 0):
 garbage-first heap   total 138240K, used 105322K [0x0000000080000000, 0x0000000100000000)
  region size 1024K, 29 young (29696K), 2 survivors (2048K)
 Metaspace       used 83053K, capacity 85349K, committed 85456K, reserved 591872K
  class space    used 10721K, capacity 11635K, committed 11648K, reserved 516096K
}
Event: 59.758 GC heap after
{Heap after GC invocations=53 (full 0):
 garbage-first heap   total 138240K, used 77879K [0x0000000080000000, 0x0000000100000000)
  region size 1024K, 4 young (4096K), 4 survivors (4096K)
 Metaspace       used 83053K, capacity 85349K, committed 85456K, reserved 591872K
  class space    used 10721K, capacity 11635K, committed 11648K, reserved 516096K
}
Event: 60.112 GC heap before
{Heap before GC invocations=53 (full 0):
 garbage-first heap   total 138240K, used 105527K [0x0000000080000000, 0x0000000100000000)
  region size 1024K, 31 young (31744K), 4 survivors (4096K)
 Metaspace       used 83630K, capacity 86000K, committed 86224K, reserved 591872K
  class space    used 10837K, capacity 11787K, committed 11904K, reserved 516096K
}
Event: 60.123 GC heap after
{Heap after GC invocations=54 (full 0):
 garbage-first heap   total 138240K, used 80309K [0x0000000080000000, 0x0000000100000000)
  region size 1024K, 4 young (4096K), 4 survivors (4096K)
 Metaspace       used 83630K, capacity 86000K, committed 86224K, reserved 591872K
  class space    used 10837K, capacity 11787K, committed 11904K, reserved 516096K
}
Event: 60.962 GC heap before
{Heap before GC invocations=54 (full 0):
 garbage-first heap   total 138240K, used 107957K [0x0000000080000000, 0x0000000100000000)
  region size 1024K, 31 young (31744K), 4 survivors (4096K)
 Metaspace       used 83814K, capacity 86123K, committed 86224K, reserved 591872K
  class space    used 10860K, capacity 11828K, committed 11904K, reserved 516096K
}
Event: 60.974 GC heap after
{Heap after GC invocations=55 (full 0):
 garbage-first heap   total 165888K, used 82796K [0x0000000080000000, 0x0000000100000000)
  region size 1024K, 3 young (3072K), 3 survivors (3072K)
 Metaspace       used 83814K, capacity 86123K, committed 86224K, reserved 591872K
  class space    used 10860K, capacity 11828K, committed 11904K, reserved 516096K
}

Deoptimization events (20 events):
Event: 59.843 Thread 0x000001f2cc596000 Uncommon trap: trap_request=0xffffff4d fr.pc=0x000001f2bbd15294 relative=0x0000000000000254
Event: 59.843 Thread 0x000001f2cc596000 Uncommon trap: reason=unstable_if action=reinterpret pc=0x000001f2bbd15294 method=jdk.internal.org.objectweb.asm.Type.getType([CI)Ljdk/internal/org/objectweb/asm/Type; @ 3 c2
Event: 59.843 Thread 0x000001f2cc596000 DEOPT PACKING pc=0x000001f2bbd15294 sp=0x000000e9223f7b70
Event: 59.843 Thread 0x000001f2cc596000 DEOPT UNPACKING pc=0x000001f2b3ffa1af sp=0x000000e9223f7b38 mode 2
Event: 59.924 Thread 0x000001f2cc596000 Uncommon trap: trap_request=0xffffff4d fr.pc=0x000001f2bbbdab80 relative=0x0000000000000340
Event: 59.924 Thread 0x000001f2cc596000 Uncommon trap: reason=unstable_if action=reinterpret pc=0x000001f2bbbdab80 method=java.util.StringJoiner.add(Ljava/lang/CharSequence;)Ljava/util/StringJoiner; @ 33 c2
Event: 59.924 Thread 0x000001f2cc596000 DEOPT PACKING pc=0x000001f2bbbdab80 sp=0x000000e9223f66c0
Event: 59.924 Thread 0x000001f2cc596000 DEOPT UNPACKING pc=0x000001f2b3ffa1af sp=0x000000e9223f6670 mode 2
Event: 59.955 Thread 0x000001f2cc596000 Uncommon trap: trap_request=0xffffffc6 fr.pc=0x000001f2bbc14c20 relative=0x0000000000003b00
Event: 59.955 Thread 0x000001f2cc596000 Uncommon trap: reason=bimorphic_or_optimized_type_check action=maybe_recompile pc=0x000001f2bbc14c20 method=org.codehaus.groovy.runtime.metaclass.MetaMethodIndex.isOverridden(Lgroovy/lang/MetaMethod;Lgroovy/lang/MetaMethod;)Z @ 10 c2
Event: 59.955 Thread 0x000001f2cc596000 DEOPT PACKING pc=0x000001f2bbc14c20 sp=0x000000e9223f8c00
Event: 59.955 Thread 0x000001f2cc596000 DEOPT UNPACKING pc=0x000001f2b3ffa1af sp=0x000000e9223f8ba8 mode 2
Event: 59.991 Thread 0x000001f2cc596000 Uncommon trap: trap_request=0xffffff4d fr.pc=0x000001f2bbc14e68 relative=0x0000000000003d48
Event: 59.991 Thread 0x000001f2cc596000 Uncommon trap: reason=unstable_if action=reinterpret pc=0x000001f2bbc14e68 method=org.codehaus.groovy.runtime.metaclass.MetaMethodIndex.isOverridden(Lgroovy/lang/MetaMethod;Lgroovy/lang/MetaMethod;)Z @ 33 c2
Event: 59.991 Thread 0x000001f2cc596000 DEOPT PACKING pc=0x000001f2bbc14e68 sp=0x000000e9223f8dd0
Event: 59.991 Thread 0x000001f2cc596000 DEOPT UNPACKING pc=0x000001f2b3ffa1af sp=0x000000e9223f8d78 mode 2
Event: 60.148 Thread 0x000001f2cc596000 Uncommon trap: trap_request=0xfffffff4 fr.pc=0x000001f2bbcd8d58 relative=0x00000000000009b8
Event: 60.148 Thread 0x000001f2cc596000 Uncommon trap: reason=null_check action=make_not_entrant pc=0x000001f2bbcd8d58 method=com.sun.beans.introspect.MethodInfo$MethodOrder.compare(Ljava/lang/reflect/Method;Ljava/lang/reflect/Method;)I @ 133 c2
Event: 60.148 Thread 0x000001f2cc596000 DEOPT PACKING pc=0x000001f2bbcd8d58 sp=0x000000e9223f3870
Event: 60.148 Thread 0x000001f2cc596000 DEOPT UNPACKING pc=0x000001f2b3ffa1af sp=0x000000e9223f37a0 mode 2

Classes redefined (0 events):
No events

Internal exceptions (20 events):
Event: 60.359 Thread 0x000001f2cc596000 Exception <a 'java/lang/ClassNotFoundException'{0x00000000875afb98}: com/android/builder/core/AbstractBuildTypeCustomizer> (0x00000000875afb98) thrown at [./src/hotspot/share/classfile/systemDictionary.cpp, line 230]
Event: 60.363 Thread 0x000001f2cc596000 Exception <a 'java/lang/ClassNotFoundException'{0x00000000875eb468}: com/android/build/gradle/internal/dsl/BuildTypeCustomizer> (0x00000000875eb468) thrown at [./src/hotspot/share/classfile/systemDictionary.cpp, line 230]
Event: 60.368 Thread 0x000001f2cc596000 Exception <a 'java/lang/ClassNotFoundException'{0x0000000087480f60}: com/android/build/gradle/internal/dsl/BuildType$AgpDecoratedCustomizer> (0x0000000087480f60) thrown at [./src/hotspot/share/classfile/systemDictionary.cpp, line 230]
Event: 60.371 Thread 0x000001f2cc596000 Exception <a 'java/lang/ClassNotFoundException'{0x00000000874e0320}: com/android/build/gradle/internal/dsl/BuildType$AgpDecorated_DecoratedCustomizer> (0x00000000874e0320) thrown at [./src/hotspot/share/classfile/systemDictionary.cpp, line 230]
Event: 60.383 Thread 0x000001f2cc596000 Exception <a 'java/lang/ClassNotFoundException'{0x00000000873d12d0}: build_cbetnvjuhn1nf93ga4tseedfk$_run_closure2$_closure7BeanInfo> (0x00000000873d12d0) thrown at [./src/hotspot/share/classfile/systemDictionary.cpp, line 230]
Event: 60.384 Thread 0x000001f2cc596000 Exception <a 'java/lang/ClassNotFoundException'{0x00000000873e27c8}: build_cbetnvjuhn1nf93ga4tseedfk$_run_closure2$_closure7Customizer> (0x00000000873e27c8) thrown at [./src/hotspot/share/classfile/systemDictionary.cpp, line 230]
Event: 60.392 Thread 0x000001f2cc596000 Exception <a 'java/lang/ClassNotFoundException'{0x00000000871889a8}: org/gradle/api/internal/DefaultDomainObjectSet_DecoratedBeanInfo> (0x00000000871889a8) thrown at [./src/hotspot/share/classfile/systemDictionary.cpp, line 230]
Event: 60.393 Thread 0x000001f2cc596000 Exception <a 'java/lang/ClassNotFoundException'{0x00000000871b9570}: org/gradle/api/internal/DefaultDomainObjectSetBeanInfo> (0x00000000871b9570) thrown at [./src/hotspot/share/classfile/systemDictionary.cpp, line 230]
Event: 60.394 Thread 0x000001f2cc596000 Exception <a 'java/lang/ClassNotFoundException'{0x00000000871ea018}: org/gradle/api/internal/DefaultDomainObjectSetCustomizer> (0x00000000871ea018) thrown at [./src/hotspot/share/classfile/systemDictionary.cpp, line 230]
Event: 60.396 Thread 0x000001f2cc596000 Exception <a 'java/lang/ClassNotFoundException'{0x000000008702b560}: org/gradle/api/internal/DefaultDomainObjectSet_DecoratedCustomizer> (0x000000008702b560) thrown at [./src/hotspot/share/classfile/systemDictionary.cpp, line 230]
Event: 60.417 Thread 0x000001f2cc596000 Exception <a 'java/lang/ClassNotFoundException'{0x0000000086f7f418}: org/gradle/api/internal/artifacts/dependencies/DefaultExternalModuleDependency_DecoratedBeanInfo> (0x0000000086f7f418) thrown at [./src/hotspot/share/classfile/systemDictionary.cpp, line 230]
Event: 60.419 Thread 0x000001f2cc596000 Exception <a 'java/lang/ClassNotFoundException'{0x0000000086fcd6d8}: org/gradle/api/internal/artifacts/dependencies/DefaultExternalModuleDependencyBeanInfo> (0x0000000086fcd6d8) thrown at [./src/hotspot/share/classfile/systemDictionary.cpp, line 230]
Event: 60.421 Thread 0x000001f2cc596000 Exception <a 'java/lang/ClassNotFoundException'{0x0000000086e1bde0}: org/gradle/api/internal/artifacts/dependencies/AbstractExternalModuleDependencyBeanInfo> (0x0000000086e1bde0) thrown at [./src/hotspot/share/classfile/systemDictionary.cpp, line 230]
Event: 60.422 Thread 0x000001f2cc596000 Exception <a 'java/lang/ClassNotFoundException'{0x0000000086e57f78}: org/gradle/api/internal/artifacts/dependencies/AbstractModuleDependencyBeanInfo> (0x0000000086e57f78) thrown at [./src/hotspot/share/classfile/systemDictionary.cpp, line 230]
Event: 60.424 Thread 0x000001f2cc596000 Exception <a 'java/lang/ClassNotFoundException'{0x0000000086e91940}: org/gradle/api/internal/artifacts/dependencies/AbstractDependencyBeanInfo> (0x0000000086e91940) thrown at [./src/hotspot/share/classfile/systemDictionary.cpp, line 230]
Event: 60.426 Thread 0x000001f2cc596000 Exception <a 'java/lang/ClassNotFoundException'{0x0000000086ecd2c0}: org/gradle/api/internal/artifacts/dependencies/AbstractDependencyCustomizer> (0x0000000086ecd2c0) thrown at [./src/hotspot/share/classfile/systemDictionary.cpp, line 230]
Event: 60.428 Thread 0x000001f2cc596000 Exception <a 'java/lang/ClassNotFoundException'{0x0000000086d0cee0}: org/gradle/api/internal/artifacts/dependencies/AbstractModuleDependencyCustomizer> (0x0000000086d0cee0) thrown at [./src/hotspot/share/classfile/systemDictionary.cpp, line 230]
Event: 60.431 Thread 0x000001f2cc596000 Exception <a 'java/lang/ClassNotFoundException'{0x0000000086d74510}: org/gradle/api/internal/artifacts/dependencies/AbstractExternalModuleDependencyCustomizer> (0x0000000086d74510) thrown at [./src/hotspot/share/classfile/systemDictionary.cpp, line 230]
Event: 60.434 Thread 0x000001f2cc596000 Exception <a 'java/lang/ClassNotFoundException'{0x0000000086dd2930}: org/gradle/api/internal/artifacts/dependencies/DefaultExternalModuleDependencyCustomizer> (0x0000000086dd2930) thrown at [./src/hotspot/share/classfile/systemDictionary.cpp, line 230]
Event: 60.437 Thread 0x000001f2cc596000 Exception <a 'java/lang/ClassNotFoundException'{0x0000000086c30f60}: org/gradle/api/internal/artifacts/dependencies/DefaultExternalModuleDependency_DecoratedCustomizer> (0x0000000086c30f60) thrown at [./src/hotspot/share/classfile/systemDictionary.cpp, line 230]

Events (20 events):
Event: 60.433 loading class org/gradle/api/internal/artifacts/dependencies/DefaultExternalModuleDependencyCustomizer
Event: 60.433 loading class org/gradle/api/internal/artifacts/dependencies/DefaultExternalModuleDependencyCustomizer done
Event: 60.433 loading class org/gradle/api/internal/artifacts/dependencies/DefaultExternalModuleDependencyCustomizer
Event: 60.433 loading class org/gradle/api/internal/artifacts/dependencies/DefaultExternalModuleDependencyCustomizer done
Event: 60.434 loading class org/gradle/api/internal/artifacts/dependencies/DefaultExternalModuleDependencyCustomizer
Event: 60.434 loading class org/gradle/api/internal/artifacts/dependencies/DefaultExternalModuleDependencyCustomizer done
Event: 60.435 loading class org/gradle/api/internal/artifacts/dependencies/DefaultExternalModuleDependency_DecoratedCustomizer
Event: 60.435 loading class org/gradle/api/internal/artifacts/dependencies/DefaultExternalModuleDependency_DecoratedCustomizer done
Event: 60.436 loading class org/gradle/api/internal/artifacts/dependencies/DefaultExternalModuleDependency_DecoratedCustomizer
Event: 60.436 loading class org/gradle/api/internal/artifacts/dependencies/DefaultExternalModuleDependency_DecoratedCustomizer done
Event: 60.436 loading class org/gradle/api/internal/artifacts/dependencies/DefaultExternalModuleDependency_DecoratedCustomizer
Event: 60.436 loading class org/gradle/api/internal/artifacts/dependencies/DefaultExternalModuleDependency_DecoratedCustomizer done
Event: 60.437 loading class org/gradle/api/internal/artifacts/dependencies/DefaultExternalModuleDependency_DecoratedCustomizer
Event: 60.437 loading class org/gradle/api/internal/artifacts/dependencies/DefaultExternalModuleDependency_DecoratedCustomizer done
Event: 60.441 loading class org/gradle/api/internal/artifacts/DefaultExcludeRule
Event: 60.441 loading class org/gradle/api/internal/artifacts/DefaultExcludeRule done
Event: 60.443 loading class org/codehaus/groovy/runtime/dgm$1301
Event: 60.443 loading class org/codehaus/groovy/runtime/dgm$1301 done
Event: 60.961 Executing VM operation: G1CollectForAllocation
Event: 60.975 Executing VM operation: G1CollectForAllocation done


Dynamic libraries:
0x00007ff765f20000 - 0x00007ff765f2d000 	C:\Program Files\Microsoft\jdk-11.0.18.10-hotspot\bin\java.exe
0x00007ffe9faf0000 - 0x00007ffe9fce8000 	C:\Windows\SYSTEM32\ntdll.dll
0x00007ffe9f2a0000 - 0x00007ffe9f35f000 	C:\Windows\System32\KERNEL32.DLL
0x00007ffe9d440000 - 0x00007ffe9d736000 	C:\Windows\System32\KERNELBASE.dll
0x00007ffe9d340000 - 0x00007ffe9d440000 	C:\Windows\System32\ucrtbase.dll
0x00007ffe51250000 - 0x00007ffe51265000 	C:\Program Files\Microsoft\jdk-11.0.18.10-hotspot\bin\VCRUNTIME140.dll
0x00007ffe75a60000 - 0x00007ffe75a77000 	C:\Program Files\Microsoft\jdk-11.0.18.10-hotspot\bin\jli.dll
0x00007ffe9de30000 - 0x00007ffe9dfcd000 	C:\Windows\System32\USER32.dll
0x00007ffe8e0c0000 - 0x00007ffe8e35a000 	C:\Windows\WinSxS\amd64_microsoft.windows.common-controls_6595b64144ccf1df_6.0.19041.1110_none_60b5254171f9507e\COMCTL32.dll
0x00007ffe9d310000 - 0x00007ffe9d332000 	C:\Windows\System32\win32u.dll
0x00007ffe9ef70000 - 0x00007ffe9ef9c000 	C:\Windows\System32\GDI32.dll
0x00007ffe9dc80000 - 0x00007ffe9dd1e000 	C:\Windows\System32\msvcrt.dll
0x00007ffe9d7e0000 - 0x00007ffe9d8f5000 	C:\Windows\System32\gdi32full.dll
0x00007ffe9d740000 - 0x00007ffe9d7dd000 	C:\Windows\System32\msvcp_win.dll
0x00007ffe9ef30000 - 0x00007ffe9ef60000 	C:\Windows\System32\IMM32.DLL
0x00007ffe4bdb0000 - 0x00007ffe4be4b000 	C:\Program Files\Microsoft\jdk-11.0.18.10-hotspot\bin\msvcp140.dll
0x00007ffe4b210000 - 0x00007ffe4bda2000 	C:\Program Files\Microsoft\jdk-11.0.18.10-hotspot\bin\server\jvm.dll
0x00007ffe9efa0000 - 0x00007ffe9f04f000 	C:\Windows\System32\ADVAPI32.dll
0x00007ffe9e2a0000 - 0x00007ffe9e33c000 	C:\Windows\System32\sechost.dll
0x00007ffe9f170000 - 0x00007ffe9f296000 	C:\Windows\System32\RPCRT4.dll
0x00007ffe9e510000 - 0x00007ffe9e518000 	C:\Windows\System32\PSAPI.DLL
0x00007ffe8be40000 - 0x00007ffe8be49000 	C:\Windows\SYSTEM32\WSOCK32.dll
0x00007ffe89270000 - 0x00007ffe89297000 	C:\Windows\SYSTEM32\WINMM.dll
0x00007ffe9dfd0000 - 0x00007ffe9e03b000 	C:\Windows\System32\WS2_32.dll
0x00007ffe8e890000 - 0x00007ffe8e89a000 	C:\Windows\SYSTEM32\VERSION.dll
0x00007ffe9afa0000 - 0x00007ffe9afb2000 	C:\Windows\SYSTEM32\kernel.appcore.dll
0x00007ffe89b40000 - 0x00007ffe89b50000 	C:\Program Files\Microsoft\jdk-11.0.18.10-hotspot\bin\verify.dll
0x00007ffe8ac50000 - 0x00007ffe8ae34000 	C:\Windows\SYSTEM32\DBGHELP.DLL
0x00007ffe8ac10000 - 0x00007ffe8ac44000 	C:\Windows\SYSTEM32\dbgcore.DLL
0x00007ffe9d280000 - 0x00007ffe9d302000 	C:\Windows\System32\bcryptPrimitives.dll
0x00007ffe4fc80000 - 0x00007ffe4fca8000 	C:\Program Files\Microsoft\jdk-11.0.18.10-hotspot\bin\java.dll
0x00007ffe89ae0000 - 0x00007ffe89aea000 	C:\Program Files\Microsoft\jdk-11.0.18.10-hotspot\bin\jimage.dll
0x00007ffe83650000 - 0x00007ffe83668000 	C:\Program Files\Microsoft\jdk-11.0.18.10-hotspot\bin\zip.dll
0x00007ffe9f360000 - 0x00007ffe9faa4000 	C:\Windows\System32\SHELL32.dll
0x00007ffe9b280000 - 0x00007ffe9ba13000 	C:\Windows\SYSTEM32\windows.storage.dll
0x00007ffe9ebd0000 - 0x00007ffe9ef24000 	C:\Windows\System32\combase.dll
0x00007ffe9cbb0000 - 0x00007ffe9cbde000 	C:\Windows\SYSTEM32\Wldp.dll
0x00007ffe9db70000 - 0x00007ffe9dc1d000 	C:\Windows\System32\SHCORE.dll
0x00007ffe9dd20000 - 0x00007ffe9dd75000 	C:\Windows\System32\shlwapi.dll
0x00007ffe9d110000 - 0x00007ffe9d12f000 	C:\Windows\SYSTEM32\profapi.dll
0x00007ffe50510000 - 0x00007ffe50529000 	C:\Program Files\Microsoft\jdk-11.0.18.10-hotspot\bin\net.dll
0x00007ffe8fc80000 - 0x00007ffe8fd8a000 	C:\Windows\SYSTEM32\WINHTTP.dll
0x00007ffe9c8a0000 - 0x00007ffe9c90a000 	C:\Windows\system32\mswsock.dll
0x00007ffe4f9f0000 - 0x00007ffe4fa03000 	C:\Program Files\Microsoft\jdk-11.0.18.10-hotspot\bin\nio.dll
0x00007ffe93da0000 - 0x00007ffe93dc7000 	C:\Users\Anggi Widiantara\.gradle\native\e1d6ef7f7dcc3fd88c89a11ec53ec762bb8ba0a96d01ffa2cd45eb1d1d8dd5c5\windows-amd64\native-platform.dll
0x00007ffe841d0000 - 0x00007ffe84314000 	C:\Users\Anggi Widiantara\.gradle\native\0d407fdbe67a94daf76414ababcb853783967236a71b16ec16e742cd7a986fd3\windows-amd64\native-platform-file-events.dll
0x00007ffe88b90000 - 0x00007ffe88b99000 	C:\Program Files\Microsoft\jdk-11.0.18.10-hotspot\bin\management.dll
0x00007ffe87370000 - 0x00007ffe8737b000 	C:\Program Files\Microsoft\jdk-11.0.18.10-hotspot\bin\management_ext.dll
0x00007ffe9ca90000 - 0x00007ffe9caa8000 	C:\Windows\SYSTEM32\CRYPTSP.dll
0x00007ffe9c1c0000 - 0x00007ffe9c1f4000 	C:\Windows\system32\rsaenh.dll
0x00007ffe9d9c0000 - 0x00007ffe9d9e7000 	C:\Windows\System32\bcrypt.dll
0x00007ffe9d090000 - 0x00007ffe9d0be000 	C:\Windows\SYSTEM32\USERENV.dll
0x00007ffe9cab0000 - 0x00007ffe9cabc000 	C:\Windows\SYSTEM32\CRYPTBASE.dll
0x00007ffe9c590000 - 0x00007ffe9c5cc000 	C:\Windows\SYSTEM32\IPHLPAPI.DLL
0x00007ffe9ebc0000 - 0x00007ffe9ebc8000 	C:\Windows\System32\NSI.dll
0x00007ffe904c0000 - 0x00007ffe904d7000 	C:\Windows\SYSTEM32\dhcpcsvc6.DLL
0x00007ffe94740000 - 0x00007ffe9475d000 	C:\Windows\SYSTEM32\dhcpcsvc.DLL
0x00007ffe9c5d0000 - 0x00007ffe9c69a000 	C:\Windows\SYSTEM32\DNSAPI.dll

dbghelp: loaded successfully - version: 4.0.5 - missing functions: none
symbol engine: initialized successfully - sym options: 0x614 - pdb path: .;C:\Program Files\Microsoft\jdk-11.0.18.10-hotspot\bin;C:\Windows\SYSTEM32;C:\Windows\WinSxS\amd64_microsoft.windows.common-controls_6595b64144ccf1df_6.0.19041.1110_none_60b5254171f9507e;C:\Program Files\Microsoft\jdk-11.0.18.10-hotspot\bin\server;C:\Users\Anggi Widiantara\.gradle\native\e1d6ef7f7dcc3fd88c89a11ec53ec762bb8ba0a96d01ffa2cd45eb1d1d8dd5c5\windows-amd64;C:\Users\Anggi Widiantara\.gradle\native\0d407fdbe67a94daf76414ababcb853783967236a71b16ec16e742cd7a986fd3\windows-amd64

VM Arguments:
jvm_args: -XX:MaxMetaspaceSize=512m --add-opens=java.base/java.util=ALL-UNNAMED --add-opens=java.base/java.lang=ALL-UNNAMED --add-opens=java.base/java.lang.invoke=ALL-UNNAMED --add-opens=java.base/java.util=ALL-UNNAMED --add-opens=java.prefs/java.util.prefs=ALL-UNNAMED --add-opens=java.prefs/java.util.prefs=ALL-UNNAMED --add-opens=java.base/java.nio.charset=ALL-UNNAMED --add-opens=java.base/java.net=ALL-UNNAMED --add-opens=java.base/java.util.concurrent.atomic=ALL-UNNAMED -Xmx2048m -Dfile.encoding=windows-1252 -Duser.country=ID -Duser.language=en -Duser.variant 
java_command: org.gradle.launcher.daemon.bootstrap.GradleDaemon 7.5.1
java_class_path (initial): C:\Users\Anggi Widiantara\.gradle\wrapper\dists\gradle-7.5.1-all\1ehga6e77gqps5uk2kc5kf1vc\gradle-7.5.1\lib\gradle-launcher-7.5.1.jar
Launcher Type: SUN_STANDARD

[Global flags]
     intx CICompilerCount                          = 3                                         {product} {ergonomic}
   size_t CompressedClassSpaceSize                 = 528482304                                 {product} {ergonomic}
     uint ConcGCThreads                            = 1                                         {product} {ergonomic}
     uint G1ConcRefinementThreads                  = 4                                         {product} {ergonomic}
   size_t G1HeapRegionSize                         = 1048576                                   {product} {ergonomic}
    uintx GCDrainStackTargetSize                   = 64                                        {product} {ergonomic}
   size_t InitialHeapSize                          = 67108864                                  {product} {ergonomic}
   size_t MarkStackSize                            = 4194304                                   {product} {ergonomic}
   size_t MaxHeapSize                              = 2147483648                                {product} {command line}
   size_t MaxMetaspaceSize                         = 536870912                                 {product} {command line}
   size_t MaxNewSize                               = 1287651328                                {product} {ergonomic}
   size_t MinHeapDeltaBytes                        = 1048576                                   {product} {ergonomic}
    uintx NonNMethodCodeHeapSize                   = 5830732                                {pd product} {ergonomic}
    uintx NonProfiledCodeHeapSize                  = 122913754                              {pd product} {ergonomic}
    uintx ProfiledCodeHeapSize                     = 122913754                              {pd product} {ergonomic}
    uintx ReservedCodeCacheSize                    = 251658240                              {pd product} {ergonomic}
     bool SegmentedCodeCache                       = true                                      {product} {ergonomic}
     bool UseCompressedClassPointers               = true                                 {lp64_product} {ergonomic}
     bool UseCompressedOops                        = true                                 {lp64_product} {ergonomic}
     bool UseG1GC                                  = true                                      {product} {ergonomic}
     bool UseLargePagesIndividualAllocation        = false                                  {pd product} {ergonomic}

Logging:
Log output configuration:
 #0: stdout all=warning uptime,level,tags
 #1: stderr all=off uptime,level,tags

Environment Variables:
JAVA_HOME=C:\Program Files\Microsoft\jdk-11.0.18.10-hotspot\
CLASSPATH=D:\Belajar\New folder\KodingAkademi\android\\gradle\wrapper\gradle-wrapper.jar
PATH=D:\Belajar\New folder\KodingAkademi\android\node_modules\.bin;D:\Belajar\New folder\KodingAkademi\node_modules\.bin;D:\Belajar\New folder\node_modules\.bin;D:\Belajar\node_modules\.bin;D:\node_modules\.bin;C:\Program Files\nodejs;D:\Belajar\New folder\KodingAkademi\node_modules\.bin;D:\Belajar\New folder\KodingAkademi\node_modules\.bin;D:\Belajar\New folder\node_modules\.bin;D:\Belajar\node_modules\.bin;D:\node_modules\.bin;C:\Users\Anggi Widiantara\AppData\Roaming\npm\node_modules\npm\node_modules\@npmcli\run-script\lib\node-gyp-bin;D:\Belajar\New folder\KodingAkademi\node_modules\.bin;D:\Belajar\New folder\node_modules\.bin;D:\Belajar\node_modules\.bin;D:\node_modules\.bin;C:\Program Files\nodejs;D:\Belajar\New folder\KodingAkademi\node_modules\.bin;D:\Belajar\New folder\KodingAkademi\node_modules\.bin;D:\Belajar\New folder\node_modules\.bin;D:\Belajar\node_modules\.bin;D:\node_modules\.bin;C:\Users\Anggi Widiantara\AppData\Roaming\npm\node_modules\npm\node_modules\@npmcli\run-script\lib\node-gyp-bin;C:\Python311\Scripts\;C:\Python311\;C:\Program Files\Microsoft\jdk-11.0.18.10-hotspot\bin;C:\Python310\Scripts\;C:\Python310\;C:\Program Files\Common Files\Oracle\Java\javapath;C:\Windows\system32;C:\Windows;C:\Windows\System32\Wbem;C:\Windows\System32\WindowsPowerShell\v1.0\;C:\Windows\System32\OpenSSH\;C:\Program Files (x86)\NVIDIA Corporation\PhysX\Common;C:\Program Files\Microsoft VS Code\bin;C:\Program Files\Git\cmd;C:\ProgramData\chocolatey\bin;C:\xampp\php;C:\ProgramData\ComposerSetup\bin;C:\Program Files\nodejs\;C:\gradle-8.0.2\bin;C:\Users\Anggi Widiantara\AppData\Local\Microsoft\WindowsApps;C:\Users\Anggi Widiantara\flutter\bin;C:\Users\Anggi Widiantara\AppData\Local\Programs\Microsoft VS Code\bin;C:\Program Files\Java\jdk-18.0.1.1\bin;C:\Users\Anggi Widiantara\AppData\Roaming\Composer\vendor\bin;C:\Users\Anggi Widiantara\AppData\Local\Android\Sdk\platform-tools;C:\Users\Anggi Widiantara\AppData\Roaming\npm;C:\Users\Anggi Widiantara\AppData\Local\Android\S
USERNAME=Anggi Widiantara
LANG=en_US.UTF-8
OS=Windows_NT
PROCESSOR_IDENTIFIER=Intel64 Family 6 Model 61 Stepping 4, GenuineIntel
TMP=C:\Users\ANGGIW~1\AppData\Local\Temp
TEMP=C:\Users\ANGGIW~1\AppData\Local\Temp



---------------  S Y S T E M  ---------------

OS: Windows 10 , 64 bit Build 19041 (10.0.19041.3031)
OS uptime: 0 days 11:45 hours

CPU:total 4 (initial active 4) (2 cores per cpu, 2 threads per core) family 6 model 61 stepping 4 microcode 0x2d, cmov, cx8, fxsr, mmx, sse, sse2, sse3, ssse3, sse4.1, sse4.2, popcnt, avx, avx2, aes, clmul, erms, 3dnowpref, lzcnt, ht, tsc, tscinvbit, bmi1, bmi2, adx, fma

Memory: 4k page, system-wide physical 4015M (339M free)
TotalPageFile size 12207M (AvailPageFile size 20M)
current process WorkingSet (physical memory assigned to process): 341M, peak: 351M
current process commit charge ("private bytes"): 411M, peak: 411M

vm_info: OpenJDK 64-Bit Server VM (11.0.18+10-LTS) for windows-amd64 JRE (11.0.18+10-LTS), built on Jan 18 2023 15:56:47 by "MicrosoftCorporation" with MS VC++ 15.9 (VS2017)

END.
